# JRE version: OpenJDK Runtime Environment (11.0.8+10) (build 11.0.8+10-b944.6842174)
# Java VM: OpenJDK 64-Bit Server VM (11.0.8+10-b944.6842174, mixed mode, tiered, compressed oops, g1 gc, windows-amd64)
Heap:
 garbage-first heap   total 724992K, used 273296K [0x0000000080000000, 0x0000000100000000)
  region size 1024K, 6 young (6144K), 6 survivors (6144K)
 Metaspace       used 92154K, capacity 94232K, committed 94464K, reserved 1130496K
  class space    used 11918K, capacity 12683K, committed 12800K, reserved 1048576K
GC Heap History (20 events):
Event: 25.947 GC heap after
{Heap after GC invocations=33 (full 0):
 garbage-first heap   total 317440K, used 190902K [0x0000000080000000, 0x0000000100000000)
  region size 1024K, 7 young (7168K), 7 survivors (7168K)
 Metaspace       used 89586K, capacity 91654K, committed 91904K, reserved 1128448K
  class space    used 11484K, capacity 12216K, committed 12288K, reserved 1048576K
}
Event: 26.059 GC heap before
{Heap before GC invocations=33 (full 0):
 garbage-first heap   total 317440K, used 200118K [0x0000000080000000, 0x0000000100000000)
  region size 1024K, 15 young (15360K), 7 survivors (7168K)
 Metaspace       used 89601K, capacity 91657K, committed 91904K, reserved 1128448K
  class space    used 11485K, capacity 12217K, committed 12288K, reserved 1048576K
}
Event: 26.073 GC heap after
{Heap after GC invocations=34 (full 0):
 garbage-first heap   total 317440K, used 189267K [0x0000000080000000, 0x0000000100000000)
  region size 1024K, 2 young (2048K), 2 survivors (2048K)
 Metaspace       used 89601K, capacity 91657K, committed 91904K, reserved 1128448K
  class space    used 11485K, capacity 12217K, committed 12288K, reserved 1048576K
}
Event: 26.081 GC heap before
{Heap before GC invocations=34 (full 0):
 garbage-first heap   total 317440K, used 190291K [0x0000000080000000, 0x0000000100000000)
  region size 1024K, 4 young (4096K), 2 survivors (2048K)
 Metaspace       used 89601K, capacity 91657K, committed 91904K, reserved 1128448K
  class space    used 11485K, capacity 12217K, committed 12288K, reserved 1048576K
}
Event: 26.089 GC heap after
{Heap after GC invocations=35 (full 0):
 garbage-first heap   total 317440K, used 189904K [0x0000000080000000, 0x0000000100000000)
  region size 1024K, 3 young (3072K), 3 survivors (3072K)
 Metaspace       used 89601K, capacity 91657K, committed 91904K, reserved 1128448K
  class space    used 11485K, capacity 12217K, committed 12288K, reserved 1048576K
}
Event: 27.215 GC heap before
{Heap before GC invocations=36 (full 0):
 garbage-first heap   total 317440K, used 240080K [0x0000000080000000, 0x0000000100000000)
  region size 1024K, 43 young (44032K), 3 survivors (3072K)
 Metaspace       used 89997K, capacity 92017K, committed 92160K, reserved 1128448K
  class space    used 11534K, capacity 12251K, committed 12288K, reserved 1048576K
}
Event: 27.252 GC heap after
{Heap after GC invocations=37 (full 0):
 garbage-first heap   total 317440K, used 208293K [0x0000000080000000, 0x0000000100000000)
  region size 1024K, 6 young (6144K), 6 survivors (6144K)
 Metaspace       used 89997K, capacity 92017K, committed 92160K, reserved 1128448K
  class space    used 11534K, capacity 12251K, committed 12288K, reserved 1048576K
}
Event: 27.485 GC heap before
{Heap before GC invocations=37 (full 0):
 garbage-first heap   total 317440K, used 216485K [0x0000000080000000, 0x0000000100000000)
  region size 1024K, 15 young (15360K), 6 survivors (6144K)
 Metaspace       used 90000K, capacity 92017K, committed 92160K, reserved 1128448K
  class space    used 11534K, capacity 12251K, committed 12288K, reserved 1048576K
}
Event: 27.508 GC heap after
{Heap after GC invocations=38 (full 0):
 garbage-first heap   total 317440K, used 209447K [0x0000000080000000, 0x0000000100000000)
  region size 1024K, 2 young (2048K), 2 survivors (2048K)
 Metaspace       used 90000K, capacity 92017K, committed 92160K, reserved 1128448K
  class space    used 11534K, capacity 12251K, committed 12288K, reserved 1048576K
}
Event: 27.542 GC heap before
{Heap before GC invocations=38 (full 0):
 garbage-first heap   total 317440K, used 211495K [0x0000000080000000, 0x0000000100000000)
  region size 1024K, 5 young (5120K), 2 survivors (2048K)
 Metaspace       used 90000K, capacity 92017K, committed 92160K, reserved 1128448K
  class space    used 11534K, capacity 12251K, committed 12288K, reserved 1048576K
}
Event: 27.561 GC heap after
{Heap after GC invocations=39 (full 0):
 garbage-first heap   total 317440K, used 210471K [0x0000000080000000, 0x0000000100000000)
  region size 1024K, 3 young (3072K), 3 survivors (3072K)
 Metaspace       used 90000K, capacity 92017K, committed 92160K, reserved 1128448K
  class space    used 11534K, capacity 12251K, committed 12288K, reserved 1048576K
}
Event: 28.600 GC heap before
{Heap before GC invocations=40 (full 0):
 garbage-first heap   total 317440K, used 241191K [0x0000000080000000, 0x0000000100000000)
  region size 1024K, 31 young (31744K), 3 survivors (3072K)
 Metaspace       used 90019K, capacity 92017K, committed 92160K, reserved 1128448K
  class space    used 11534K, capacity 12251K, committed 12288K, reserved 1048576K
}
Event: 28.654 GC heap after
{Heap after GC invocations=41 (full 0):
 garbage-first heap   total 380928K, used 222513K [0x0000000080000000, 0x0000000100000000)
  region size 1024K, 4 young (4096K), 4 survivors (4096K)
 Metaspace       used 90019K, capacity 92017K, committed 92160K, reserved 1128448K
  class space    used 11534K, capacity 12251K, committed 12288K, reserved 1048576K
}
Event: 28.917 GC heap before
{Heap before GC invocations=41 (full 0):
 garbage-first heap   total 380928K, used 237873K [0x0000000080000000, 0x0000000100000000)
  region size 1024K, 18 young (18432K), 4 survivors (4096K)
 Metaspace       used 90030K, capacity 92018K, committed 92160K, reserved 1128448K
  class space    used 11534K, capacity 12251K, committed 12288K, reserved 1048576K
}
Event: 28.952 GC heap after
{Heap after GC invocations=42 (full 0):
 garbage-first heap   total 380928K, used 231382K [0x0000000080000000, 0x0000000100000000)
  region size 1024K, 3 young (3072K), 3 survivors (3072K)
 Metaspace       used 90030K, capacity 92018K, committed 92160K, reserved 1128448K
  class space    used 11534K, capacity 12251K, committed 12288K, reserved 1048576K
}
Event: 29.301 GC heap before
{Heap before GC invocations=42 (full 0):
 garbage-first heap   total 380928K, used 277462K [0x0000000080000000, 0x0000000100000000)
  region size 1024K, 45 young (46080K), 3 survivors (3072K)
 Metaspace       used 90038K, capacity 92018K, committed 92160K, reserved 1128448K
  class space    used 11534K, capacity 12251K, committed 12288K, reserved 1048576K
}
Event: 29.367 GC heap after
{Heap after GC invocations=43 (full 0):
 garbage-first heap   total 380928K, used 248832K [0x0000000080000000, 0x0000000100000000)
  region size 1024K, 6 young (6144K), 6 survivors (6144K)
 Metaspace       used 90038K, capacity 92018K, committed 92160K, reserved 1128448K
  class space    used 11534K, capacity 12251K, committed 12288K, reserved 1048576K
}
Event: 29.875 GC heap before
{Heap before GC invocations=43 (full 0):
 garbage-first heap   total 380928K, used 287744K [0x0000000080000000, 0x0000000100000000)
  region size 1024K, 45 young (46080K), 6 survivors (6144K)
 Metaspace       used 91572K, capacity 93696K, committed 93824K, reserved 1130496K
  class space    used 11866K, capacity 12640K, committed 12672K, reserved 1048576K
}
Event: 29.957 GC heap after
{Heap after GC invocations=44 (full 0):
 garbage-first heap   total 380928K, used 259072K [0x0000000080000000, 0x0000000100000000)
  region size 1024K, 6 young (6144K), 6 survivors (6144K)
 Metaspace       used 91572K, capacity 93696K, committed 93824K, reserved 1130496K
  class space    used 11866K, capacity 12640K, committed 12672K, reserved 1048576K
}
Event: 30.876 GC heap before
{Heap before GC invocations=45 (full 0):
 garbage-first heap   total 380928K, used 293888K [0x0000000080000000, 0x0000000100000000)
  region size 1024K, 43 young (44032K), 6 survivors (6144K)
 Metaspace       used 92154K, capacity 94232K, committed 94464K, reserved 1130496K
  class space    used 11918K, capacity 12683K, committed 12800K, reserved 1048576K
}

