# JRE version: OpenJDK Runtime Environment (11.0.8+10) (build 11.0.8+10-b944.6842174)
# Java VM: OpenJDK 64-Bit Server VM (11.0.8+10-b944.6842174, mixed mode, tiered, compressed oops, g1 gc, windows-amd64)
Heap:
 garbage-first heap   total 483328K, used 129939K [0x0000000080000000, 0x0000000100000000)
  region size 1024K, 8 young (8192K), 8 survivors (8192K)
 Metaspace       used 106873K, capacity 109188K, committed 109440K, reserved 1144832K
  class space    used 12878K, capacity 13661K, committed 13696K, reserved 1048576K
GC Heap History (20 events):
Event: 102.279 GC heap after
{Heap after GC invocations=33 (full 0):
 garbage-first heap   total 220160K, used 129207K [0x0000000080000000, 0x0000000100000000)
  region size 1024K, 7 young (7168K), 7 survivors (7168K)
 Metaspace       used 98085K, capacity 100276K, committed 100608K, reserved 1136640K
  class space    used 11971K, capacity 12726K, committed 12800K, reserved 1048576K
}
Event: 103.097 GC heap before
{Heap before GC invocations=34 (full 0):
 garbage-first heap   total 220160K, used 171191K [0x0000000080000000, 0x0000000100000000)
  region size 1024K, 57 young (58368K), 7 survivors (7168K)
 Metaspace       used 99351K, capacity 101540K, committed 101760K, reserved 1138688K
  class space    used 12073K, capacity 12828K, committed 12928K, reserved 1048576K
}
Event: 103.111 GC heap after
{Heap after GC invocations=35 (full 0):
 garbage-first heap   total 220160K, used 117953K [0x0000000080000000, 0x0000000100000000)
  region size 1024K, 2 young (2048K), 2 survivors (2048K)
 Metaspace       used 99351K, capacity 101540K, committed 101760K, reserved 1138688K
  class space    used 12073K, capacity 12828K, committed 12928K, reserved 1048576K
}
Event: 103.237 GC heap before
{Heap before GC invocations=35 (full 0):
 garbage-first heap   total 220160K, used 125121K [0x0000000080000000, 0x0000000100000000)
  region size 1024K, 10 young (10240K), 2 survivors (2048K)
 Metaspace       used 99848K, capacity 102020K, committed 102272K, reserved 1138688K
  class space    used 12105K, capacity 12860K, committed 12928K, reserved 1048576K
}
Event: 103.250 GC heap after
{Heap after GC invocations=36 (full 0):
 garbage-first heap   total 220160K, used 100414K [0x0000000080000000, 0x0000000100000000)
  region size 1024K, 2 young (2048K), 2 survivors (2048K)
 Metaspace       used 99848K, capacity 102020K, committed 102272K, reserved 1138688K
  class space    used 12105K, capacity 12860K, committed 12928K, reserved 1048576K
}
Event: 103.306 GC heap before
{Heap before GC invocations=36 (full 0):
 garbage-first heap   total 220160K, used 106558K [0x0000000080000000, 0x0000000100000000)
  region size 1024K, 9 young (9216K), 2 survivors (2048K)
 Metaspace       used 99941K, capacity 102084K, committed 102272K, reserved 1138688K
  class space    used 12106K, capacity 12860K, committed 12928K, reserved 1048576K
}
Event: 103.311 GC heap after
{Heap after GC invocations=37 (full 0):
 garbage-first heap   total 220160K, used 100444K [0x0000000080000000, 0x0000000100000000)
  region size 1024K, 2 young (2048K), 2 survivors (2048K)
 Metaspace       used 99941K, capacity 102084K, committed 102272K, reserved 1138688K
  class space    used 12106K, capacity 12860K, committed 12928K, reserved 1048576K
}
Event: 104.148 GC heap before
{Heap before GC invocations=38 (full 0):
 garbage-first heap   total 220160K, used 179292K [0x0000000080000000, 0x0000000100000000)
  region size 1024K, 78 young (79872K), 2 survivors (2048K)
 Metaspace       used 101159K, capacity 103312K, committed 103680K, reserved 1140736K
  class space    used 12211K, capacity 12939K, committed 13056K, reserved 1048576K
}
Event: 104.159 GC heap after
{Heap after GC invocations=39 (full 0):
 garbage-first heap   total 220160K, used 101408K [0x0000000080000000, 0x0000000100000000)
  region size 1024K, 4 young (4096K), 4 survivors (4096K)
 Metaspace       used 101159K, capacity 103312K, committed 103680K, reserved 1140736K
  class space    used 12211K, capacity 12939K, committed 13056K, reserved 1048576K
}
Event: 104.188 GC heap before
{Heap before GC invocations=39 (full 0):
 garbage-first heap   total 220160K, used 106528K [0x0000000080000000, 0x0000000100000000)
  region size 1024K, 10 young (10240K), 4 survivors (4096K)
 Metaspace       used 101162K, capacity 103377K, committed 103680K, reserved 1140736K
  class space    used 12211K, capacity 12939K, committed 13056K, reserved 1048576K
}
Event: 104.246 GC heap after
{Heap after GC invocations=40 (full 0):
 garbage-first heap   total 264192K, used 95622K [0x0000000080000000, 0x0000000100000000)
  region size 1024K, 1 young (1024K), 1 survivors (1024K)
 Metaspace       used 101162K, capacity 103377K, committed 103680K, reserved 1140736K
  class space    used 12211K, capacity 12939K, committed 13056K, reserved 1048576K
}
Event: 106.558 GC heap before
{Heap before GC invocations=40 (full 0):
 garbage-first heap   total 264192K, used 208262K [0x0000000080000000, 0x0000000100000000)
  region size 1024K, 112 young (114688K), 1 survivors (1024K)
 Metaspace       used 104851K, capacity 107095K, committed 107136K, reserved 1142784K
  class space    used 12660K, capacity 13431K, committed 13440K, reserved 1048576K
}
Event: 106.572 GC heap after
{Heap after GC invocations=41 (full 0):
 garbage-first heap   total 264192K, used 100458K [0x0000000080000000, 0x0000000100000000)
  region size 1024K, 6 young (6144K), 6 survivors (6144K)
 Metaspace       used 104851K, capacity 107095K, committed 107136K, reserved 1142784K
  class space    used 12660K, capacity 13431K, committed 13440K, reserved 1048576K
}
Event: 108.750 GC heap before
{Heap before GC invocations=41 (full 0):
 garbage-first heap   total 264192K, used 212074K [0x0000000080000000, 0x0000000100000000)
  region size 1024K, 116 young (118784K), 6 survivors (6144K)
 Metaspace       used 105405K, capacity 107680K, committed 107776K, reserved 1142784K
  class space    used 12697K, capacity 13481K, committed 13568K, reserved 1048576K
}
Event: 108.854 GC heap after
{Heap after GC invocations=42 (full 0):
 garbage-first heap   total 264192K, used 121527K [0x0000000080000000, 0x0000000100000000)
  region size 1024K, 15 young (15360K), 15 survivors (15360K)
 Metaspace       used 105405K, capacity 107680K, committed 107776K, reserved 1142784K
  class space    used 12697K, capacity 13481K, committed 13568K, reserved 1048576K
}
Event: 109.665 GC heap before
{Heap before GC invocations=42 (full 0):
 garbage-first heap   total 264192K, used 205495K [0x0000000080000000, 0x0000000100000000)
  region size 1024K, 98 young (100352K), 15 survivors (15360K)
 Metaspace       used 105870K, capacity 108135K, committed 108288K, reserved 1144832K
  class space    used 12745K, capacity 13520K, committed 13568K, reserved 1048576K
}
Event: 109.748 GC heap after
{Heap after GC invocations=43 (full 0):
 garbage-first heap   total 264192K, used 126976K [0x0000000080000000, 0x0000000100000000)
  region size 1024K, 12 young (12288K), 12 survivors (12288K)
 Metaspace       used 105870K, capacity 108135K, committed 108288K, reserved 1144832K
  class space    used 12745K, capacity 13520K, committed 13568K, reserved 1048576K
}
Event: 110.845 GC heap before
{Heap before GC invocations=43 (full 0):
 garbage-first heap   total 264192K, used 207872K [0x0000000080000000, 0x0000000100000000)
  region size 1024K, 92 young (94208K), 12 survivors (12288K)
 Metaspace       used 106073K, capacity 108336K, committed 108672K, reserved 1144832K
  class space    used 12774K, capacity 13569K, committed 13696K, reserved 1048576K
}
Event: 110.875 GC heap after
{Heap after GC invocations=44 (full 0):
 garbage-first heap   total 264192K, used 128224K [0x0000000080000000, 0x0000000100000000)
  region size 1024K, 10 young (10240K), 10 survivors (10240K)
 Metaspace       used 106073K, capacity 108336K, committed 108672K, reserved 1144832K
  class space    used 12774K, capacity 13569K, committed 13696K, reserved 1048576K
}
Event: 111.617 GC heap before
{Heap before GC invocations=44 (full 0):
 garbage-first heap   total 264192K, used 208096K [0x0000000080000000, 0x0000000100000000)
  region size 1024K, 89 young (91136K), 10 survivors (10240K)
 Metaspace       used 106873K, capacity 109188K, committed 109440K, reserved 1144832K
  class space    used 12878K, capacity 13661K, committed 13696K, reserved 1048576K
}

