# JRE version: OpenJDK Runtime Environment (11.0.8+10) (build 11.0.8+10-b944.6842174)
# Java VM: OpenJDK 64-Bit Server VM (11.0.8+10-b944.6842174, mixed mode, tiered, compressed oops, g1 gc, windows-amd64)
Heap:
 garbage-first heap   total 360448K, used 241664K [0x0000000080000000, 0x0000000100000000)
  region size 1024K, 4 young (4096K), 4 survivors (4096K)
 Metaspace       used 113949K, capacity 117081K, committed 117324K, reserved 1150976K
  class space    used 14325K, capacity 15383K, committed 15436K, reserved 1048576K
GC Heap History (20 events):
Event: 297.693 GC heap after
{Heap after GC invocations=61 (full 0):
 garbage-first heap   total 276480K, used 143140K [0x0000000080000000, 0x0000000100000000)
  region size 1024K, 2 young (2048K), 2 survivors (2048K)
 Metaspace       used 112344K, capacity 115515K, committed 115660K, reserved 1148928K
  class space    used 14128K, capacity 15198K, committed 15308K, reserved 1048576K
}
Event: 298.279 GC heap before
{Heap before GC invocations=61 (full 0):
 garbage-first heap   total 276480K, used 229156K [0x0000000080000000, 0x0000000100000000)
  region size 1024K, 87 young (89088K), 2 survivors (2048K)
 Metaspace       used 112410K, capacity 115528K, committed 115660K, reserved 1148928K
  class space    used 14131K, capacity 15200K, committed 15308K, reserved 1048576K
}
Event: 298.290 GC heap after
{Heap after GC invocations=62 (full 0):
 garbage-first heap   total 276480K, used 145626K [0x0000000080000000, 0x0000000100000000)
  region size 1024K, 4 young (4096K), 4 survivors (4096K)
 Metaspace       used 112410K, capacity 115528K, committed 115660K, reserved 1148928K
  class space    used 14131K, capacity 15200K, committed 15308K, reserved 1048576K
}
Event: 298.999 GC heap before
{Heap before GC invocations=62 (full 0):
 garbage-first heap   total 276480K, used 232666K [0x0000000080000000, 0x0000000100000000)
  region size 1024K, 89 young (91136K), 4 survivors (4096K)
 Metaspace       used 112427K, capacity 115529K, committed 115660K, reserved 1148928K
  class space    used 14132K, capacity 15200K, committed 15308K, reserved 1048576K
}
Event: 299.008 GC heap after
{Heap after GC invocations=63 (full 0):
 garbage-first heap   total 276480K, used 146815K [0x0000000080000000, 0x0000000100000000)
  region size 1024K, 5 young (5120K), 5 survivors (5120K)
 Metaspace       used 112427K, capacity 115529K, committed 115660K, reserved 1148928K
  class space    used 14132K, capacity 15200K, committed 15308K, reserved 1048576K
}
Event: 299.727 GC heap before
{Heap before GC invocations=63 (full 0):
 garbage-first heap   total 276480K, used 233855K [0x0000000080000000, 0x0000000100000000)
  region size 1024K, 90 young (92160K), 5 survivors (5120K)
 Metaspace       used 112469K, capacity 115605K, committed 115916K, reserved 1150976K
  class space    used 14137K, capacity 15202K, committed 15308K, reserved 1048576K
}
Event: 299.735 GC heap after
{Heap after GC invocations=64 (full 0):
 garbage-first heap   total 276480K, used 146899K [0x0000000080000000, 0x0000000100000000)
  region size 1024K, 5 young (5120K), 5 survivors (5120K)
 Metaspace       used 112469K, capacity 115605K, committed 115916K, reserved 1150976K
  class space    used 14137K, capacity 15202K, committed 15308K, reserved 1048576K
}
Event: 300.416 GC heap before
{Heap before GC invocations=65 (full 0):
 garbage-first heap   total 276480K, used 235987K [0x0000000080000000, 0x0000000100000000)
  region size 1024K, 92 young (94208K), 5 survivors (5120K)
 Metaspace       used 112482K, capacity 115605K, committed 115916K, reserved 1150976K
  class space    used 14139K, capacity 15202K, committed 15308K, reserved 1048576K
}
Event: 300.430 GC heap after
{Heap after GC invocations=66 (full 0):
 garbage-first heap   total 276480K, used 146802K [0x0000000080000000, 0x0000000100000000)
  region size 1024K, 5 young (5120K), 5 survivors (5120K)
 Metaspace       used 112482K, capacity 115605K, committed 115916K, reserved 1150976K
  class space    used 14139K, capacity 15202K, committed 15308K, reserved 1048576K
}
Event: 300.471 GC heap before
{Heap before GC invocations=66 (full 0):
 garbage-first heap   total 276480K, used 154994K [0x0000000080000000, 0x0000000100000000)
  region size 1024K, 13 young (13312K), 5 survivors (5120K)
 Metaspace       used 112482K, capacity 115605K, committed 115916K, reserved 1150976K
  class space    used 14139K, capacity 15202K, committed 15308K, reserved 1048576K
}
Event: 300.488 GC heap after
{Heap after GC invocations=67 (full 0):
 garbage-first heap   total 276480K, used 144842K [0x0000000080000000, 0x0000000100000000)
  region size 1024K, 1 young (1024K), 1 survivors (1024K)
 Metaspace       used 112482K, capacity 115605K, committed 115916K, reserved 1150976K
  class space    used 14139K, capacity 15202K, committed 15308K, reserved 1048576K
}
Event: 302.317 GC heap before
{Heap before GC invocations=67 (full 0):
 garbage-first heap   total 276480K, used 241098K [0x0000000080000000, 0x0000000100000000)
  region size 1024K, 78 young (79872K), 1 survivors (1024K)
 Metaspace       used 112731K, capacity 115939K, committed 116172K, reserved 1150976K
  class space    used 14165K, capacity 15243K, committed 15308K, reserved 1048576K
}
Event: 302.350 GC heap after
{Heap after GC invocations=68 (full 0):
 garbage-first heap   total 276480K, used 171531K [0x0000000080000000, 0x0000000100000000)
  region size 1024K, 8 young (8192K), 8 survivors (8192K)
 Metaspace       used 112731K, capacity 115939K, committed 116172K, reserved 1150976K
  class space    used 14165K, capacity 15243K, committed 15308K, reserved 1048576K
}
Event: 303.516 GC heap before
{Heap before GC invocations=69 (full 0):
 garbage-first heap   total 276480K, used 239115K [0x0000000080000000, 0x0000000100000000)
  region size 1024K, 56 young (57344K), 8 survivors (8192K)
 Metaspace       used 113642K, capacity 116841K, committed 117068K, reserved 1150976K
  class space    used 14288K, capacity 15347K, committed 15436K, reserved 1048576K
}
Event: 303.531 GC heap after
{Heap after GC invocations=70 (full 0):
 garbage-first heap   total 276480K, used 196127K [0x0000000080000000, 0x0000000100000000)
  region size 1024K, 9 young (9216K), 9 survivors (9216K)
 Metaspace       used 113642K, capacity 116841K, committed 117068K, reserved 1150976K
  class space    used 14288K, capacity 15347K, committed 15436K, reserved 1048576K
}
Event: 304.113 GC heap before
{Heap before GC invocations=70 (full 0):
 garbage-first heap   total 276480K, used 273951K [0x0000000080000000, 0x0000000100000000)
  region size 1024K, 47 young (48128K), 9 survivors (9216K)
 Metaspace       used 113917K, capacity 117073K, committed 117324K, reserved 1150976K
  class space    used 14319K, capacity 15381K, committed 15436K, reserved 1048576K
}
Event: 304.137 GC heap after
{Heap after GC invocations=71 (full 0):
 garbage-first heap   total 300032K, used 230068K [0x0000000080000000, 0x0000000100000000)
  region size 1024K, 6 young (6144K), 6 survivors (6144K)
 Metaspace       used 113917K, capacity 117073K, committed 117324K, reserved 1150976K
  class space    used 14319K, capacity 15381K, committed 15436K, reserved 1048576K
}
Event: 304.510 GC heap before
{Heap before GC invocations=71 (full 0):
 garbage-first heap   total 300032K, used 254644K [0x0000000080000000, 0x0000000100000000)
  region size 1024K, 31 young (31744K), 6 survivors (6144K)
 Metaspace       used 113929K, capacity 117073K, committed 117324K, reserved 1150976K
  class space    used 14322K, capacity 15381K, committed 15436K, reserved 1048576K
}
Event: 304.531 GC heap after
{Heap after GC invocations=72 (full 0):
 garbage-first heap   total 300032K, used 234628K [0x0000000080000000, 0x0000000100000000)
  region size 1024K, 4 young (4096K), 4 survivors (4096K)
 Metaspace       used 113929K, capacity 117073K, committed 117324K, reserved 1150976K
  class space    used 14322K, capacity 15381K, committed 15436K, reserved 1048576K
}
Event: 304.684 GC heap before
{Heap before GC invocations=73 (full 0):
 garbage-first heap   total 300032K, used 256132K [0x0000000080000000, 0x0000000100000000)
  region size 1024K, 26 young (26624K), 4 survivors (4096K)
 Metaspace       used 113949K, capacity 117081K, committed 117324K, reserved 1150976K
  class space    used 14325K, capacity 15383K, committed 15436K, reserved 1048576K
}

