# JRE version: OpenJDK Runtime Environment (11.0.8+10) (build 11.0.8+10-b944.6842174)
# Java VM: OpenJDK 64-Bit Server VM (11.0.8+10-b944.6842174, mixed mode, tiered, compressed oops, g1 gc, windows-amd64)
Heap:
 garbage-first heap   total 651264K, used 286154K [0x0000000080000000, 0x0000000100000000)
  region size 1024K, 3 young (3072K), 3 survivors (3072K)
 Metaspace       used 111004K, capacity 114049K, committed 114124K, reserved 1148928K
  class space    used 14022K, capacity 15025K, committed 15052K, reserved 1048576K
GC Heap History (20 events):
Event: 293.432 GC heap after
{Heap after GC invocations=44 (full 0):
 garbage-first heap   total 264192K, used 143996K [0x0000000080000000, 0x0000000100000000)
  region size 1024K, 1 young (1024K), 1 survivors (1024K)
 Metaspace       used 109113K, capacity 112084K, committed 112332K, reserved 1146880K
  class space    used 13780K, capacity 14756K, committed 14796K, reserved 1048576K
}
Event: 294.220 GC heap before
{Heap before GC invocations=44 (full 0):
 garbage-first heap   total 266240K, used 264828K [0x0000000080000000, 0x0000000100000000)
  region size 1024K, 53 young (54272K), 1 survivors (1024K)
 Metaspace       used 110698K, capacity 113749K, committed 113868K, reserved 1148928K
  class space    used 13990K, capacity 14990K, committed 15052K, reserved 1048576K
}
Event: 294.248 GC heap after
{Heap after GC invocations=45 (full 0):
 garbage-first heap   total 289792K, used 214497K [0x0000000080000000, 0x0000000100000000)
  region size 1024K, 9 young (9216K), 9 survivors (9216K)
 Metaspace       used 110698K, capacity 113749K, committed 113868K, reserved 1148928K
  class space    used 13990K, capacity 14990K, committed 15052K, reserved 1048576K
}
Event: 294.518 GC heap before
{Heap before GC invocations=45 (full 0):
 garbage-first heap   total 289792K, used 255457K [0x0000000080000000, 0x0000000100000000)
  region size 1024K, 36 young (36864K), 9 survivors (9216K)
 Metaspace       used 110982K, capacity 114045K, committed 114124K, reserved 1148928K
  class space    used 14022K, capacity 15024K, committed 15052K, reserved 1048576K
}
Event: 294.533 GC heap after
{Heap after GC invocations=46 (full 0):
 garbage-first heap   total 289792K, used 233154K [0x0000000080000000, 0x0000000100000000)
  region size 1024K, 5 young (5120K), 5 survivors (5120K)
 Metaspace       used 110982K, capacity 114045K, committed 114124K, reserved 1148928K
  class space    used 14022K, capacity 15024K, committed 15052K, reserved 1048576K
}
Event: 294.761 GC heap before
{Heap before GC invocations=46 (full 0):
 garbage-first heap   total 289792K, used 247490K [0x0000000080000000, 0x0000000100000000)
  region size 1024K, 20 young (20480K), 5 survivors (5120K)
 Metaspace       used 110982K, capacity 114045K, committed 114124K, reserved 1148928K
  class space    used 14022K, capacity 15024K, committed 15052K, reserved 1048576K
}
Event: 294.782 GC heap after
{Heap after GC invocations=47 (full 0):
 garbage-first heap   total 289792K, used 239616K [0x0000000080000000, 0x0000000100000000)
  region size 1024K, 3 young (3072K), 3 survivors (3072K)
 Metaspace       used 110982K, capacity 114045K, committed 114124K, reserved 1148928K
  class space    used 14022K, capacity 15024K, committed 15052K, reserved 1048576K
}
Event: 295.126 GC heap before
{Heap before GC invocations=48 (full 0):
 garbage-first heap   total 289792K, used 250880K [0x0000000080000000, 0x0000000100000000)
  region size 1024K, 14 young (14336K), 3 survivors (3072K)
 Metaspace       used 110984K, capacity 114045K, committed 114124K, reserved 1148928K
  class space    used 14022K, capacity 15024K, committed 15052K, reserved 1048576K
}
Event: 295.145 GC heap after
{Heap after GC invocations=49 (full 0):
 garbage-first heap   total 289792K, used 244295K [0x0000000080000000, 0x0000000100000000)
  region size 1024K, 2 young (2048K), 2 survivors (2048K)
 Metaspace       used 110984K, capacity 114045K, committed 114124K, reserved 1148928K
  class space    used 14022K, capacity 15024K, committed 15052K, reserved 1048576K
}
Event: 295.279 GC heap before
{Heap before GC invocations=49 (full 0):
 garbage-first heap   total 289792K, used 258631K [0x0000000080000000, 0x0000000100000000)
  region size 1024K, 14 young (14336K), 2 survivors (2048K)
 Metaspace       used 110986K, capacity 114048K, committed 114124K, reserved 1148928K
  class space    used 14022K, capacity 15025K, committed 15052K, reserved 1048576K
}
Event: 295.301 GC heap after
{Heap after GC invocations=50 (full 0):
 garbage-first heap   total 289792K, used 250471K [0x0000000080000000, 0x0000000100000000)
  region size 1024K, 2 young (2048K), 2 survivors (2048K)
 Metaspace       used 110986K, capacity 114048K, committed 114124K, reserved 1148928K
  class space    used 14022K, capacity 15025K, committed 15052K, reserved 1048576K
}
Event: 295.344 GC heap before
{Heap before GC invocations=50 (full 0):
 garbage-first heap   total 289792K, used 262759K [0x0000000080000000, 0x0000000100000000)
  region size 1024K, 14 young (14336K), 2 survivors (2048K)
 Metaspace       used 110986K, capacity 114048K, committed 114124K, reserved 1148928K
  class space    used 14022K, capacity 15025K, committed 15052K, reserved 1048576K
}
Event: 295.372 GC heap after
{Heap after GC invocations=51 (full 0):
 garbage-first heap   total 348160K, used 254932K [0x0000000080000000, 0x0000000100000000)
  region size 1024K, 2 young (2048K), 2 survivors (2048K)
 Metaspace       used 110986K, capacity 114048K, committed 114124K, reserved 1148928K
  class space    used 14022K, capacity 15025K, committed 15052K, reserved 1048576K
}
Event: 295.857 GC heap before
{Heap before GC invocations=51 (full 0):
 garbage-first heap   total 348160K, used 279508K [0x0000000080000000, 0x0000000100000000)
  region size 1024K, 26 young (26624K), 2 survivors (2048K)
 Metaspace       used 110992K, capacity 114049K, committed 114124K, reserved 1148928K
  class space    used 14022K, capacity 15025K, committed 15052K, reserved 1048576K
}
Event: 295.892 GC heap after
{Heap after GC invocations=52 (full 0):
 garbage-first heap   total 348160K, used 264146K [0x0000000080000000, 0x0000000100000000)
  region size 1024K, 4 young (4096K), 4 survivors (4096K)
 Metaspace       used 110992K, capacity 114049K, committed 114124K, reserved 1148928K
  class space    used 14022K, capacity 15025K, committed 15052K, reserved 1048576K
}
Event: 296.204 GC heap before
{Heap before GC invocations=52 (full 0):
 garbage-first heap   total 348160K, used 288722K [0x0000000080000000, 0x0000000100000000)
  region size 1024K, 25 young (25600K), 4 survivors (4096K)
 Metaspace       used 110992K, capacity 114049K, committed 114124K, reserved 1148928K
  class space    used 14022K, capacity 15025K, committed 15052K, reserved 1048576K
}
Event: 296.248 GC heap after
{Heap after GC invocations=53 (full 0):
 garbage-first heap   total 348160K, used 277792K [0x0000000080000000, 0x0000000100000000)
  region size 1024K, 4 young (4096K), 4 survivors (4096K)
 Metaspace       used 110992K, capacity 114049K, committed 114124K, reserved 1148928K
  class space    used 14022K, capacity 15025K, committed 15052K, reserved 1048576K
}
Event: 296.581 GC heap before
{Heap before GC invocations=54 (full 0):
 garbage-first heap   total 348160K, used 294176K [0x0000000080000000, 0x0000000100000000)
  region size 1024K, 20 young (20480K), 4 survivors (4096K)
 Metaspace       used 111002K, capacity 114049K, committed 114124K, reserved 1148928K
  class space    used 14022K, capacity 15025K, committed 15052K, reserved 1048576K
}
Event: 296.616 GC heap after
{Heap after GC invocations=55 (full 0):
 garbage-first heap   total 348160K, used 283008K [0x0000000080000000, 0x0000000100000000)
  region size 1024K, 3 young (3072K), 3 survivors (3072K)
 Metaspace       used 111002K, capacity 114049K, committed 114124K, reserved 1148928K
  class space    used 14022K, capacity 15025K, committed 15052K, reserved 1048576K
}
Event: 296.684 GC heap before
{Heap before GC invocations=55 (full 0):
 garbage-first heap   total 348160K, used 298368K [0x0000000080000000, 0x0000000100000000)
  region size 1024K, 17 young (17408K), 3 survivors (3072K)
 Metaspace       used 111004K, capacity 114049K, committed 114124K, reserved 1148928K
  class space    used 14022K, capacity 15025K, committed 15052K, reserved 1048576K
}

