# JRE version: OpenJDK Runtime Environment (11.0.8+10) (build 11.0.8+10-b944.6842174)
# Java VM: OpenJDK 64-Bit Server VM (11.0.8+10-b944.6842174, mixed mode, tiered, compressed oops, g1 gc, windows-amd64)
Heap:
 garbage-first heap   total 272384K, used 159050K [0x0000000080000000, 0x0000000100000000)
  region size 1024K, 42 young (43008K), 16 survivors (16384K)
 Metaspace       used 87955K, capacity 90055K, committed 90240K, reserved 1128448K
  class space    used 11323K, capacity 12065K, committed 12160K, reserved 1048576K
GC Heap History (20 events):
Event: 8.971 GC heap before
{Heap before GC invocations=12 (full 0):
 garbage-first heap   total 188416K, used 78291K [0x0000000080000000, 0x0000000100000000)
  region size 1024K, 34 young (34816K), 4 survivors (4096K)
 Metaspace       used 58668K, capacity 60015K, committed 60160K, reserved 1101824K
  class space    used 7445K, capacity 7957K, committed 8064K, reserved 1048576K
}
Event: 8.984 GC heap after
{Heap after GC invocations=13 (full 0):
 garbage-first heap   total 188416K, used 50870K [0x0000000080000000, 0x0000000100000000)
  region size 1024K, 6 young (6144K), 6 survivors (6144K)
 Metaspace       used 58668K, capacity 60015K, committed 60160K, reserved 1101824K
  class space    used 7445K, capacity 7957K, committed 8064K, reserved 1048576K
}
Event: 10.456 GC heap before
{Heap before GC invocations=14 (full 0):
 garbage-first heap   total 188416K, used 133814K [0x0000000080000000, 0x0000000100000000)
  region size 1024K, 87 young (89088K), 6 survivors (6144K)
 Metaspace       used 63954K, capacity 65409K, committed 65536K, reserved 1105920K
  class space    used 8114K, capacity 8638K, committed 8704K, reserved 1048576K
}
Event: 10.488 GC heap after
{Heap after GC invocations=15 (full 0):
 garbage-first heap   total 188416K, used 56644K [0x0000000080000000, 0x0000000100000000)
  region size 1024K, 11 young (11264K), 11 survivors (11264K)
 Metaspace       used 63954K, capacity 65409K, committed 65536K, reserved 1105920K
  class space    used 8114K, capacity 8638K, committed 8704K, reserved 1048576K
}
Event: 11.789 GC heap before
{Heap before GC invocations=16 (full 0):
 garbage-first heap   total 188416K, used 143684K [0x0000000080000000, 0x0000000100000000)
  region size 1024K, 91 young (93184K), 11 survivors (11264K)
 Metaspace       used 71330K, capacity 72869K, committed 73088K, reserved 1112064K
  class space    used 9249K, capacity 9814K, committed 9856K, reserved 1048576K
}
Event: 11.816 GC heap after
{Heap after GC invocations=17 (full 0):
 garbage-first heap   total 188416K, used 62865K [0x0000000080000000, 0x0000000100000000)
  region size 1024K, 12 young (12288K), 12 survivors (12288K)
 Metaspace       used 71330K, capacity 72869K, committed 73088K, reserved 1112064K
  class space    used 9249K, capacity 9814K, committed 9856K, reserved 1048576K
}
Event: 13.134 GC heap before
{Heap before GC invocations=17 (full 0):
 garbage-first heap   total 188416K, used 167313K [0x0000000080000000, 0x0000000100000000)
  region size 1024K, 90 young (92160K), 12 survivors (12288K)
 Metaspace       used 76516K, capacity 78270K, committed 78592K, reserved 1118208K
  class space    used 9990K, capacity 10638K, committed 10752K, reserved 1048576K
}
Event: 13.161 GC heap after
{Heap after GC invocations=18 (full 0):
 garbage-first heap   total 226304K, used 67664K [0x0000000080000000, 0x0000000100000000)
  region size 1024K, 11 young (11264K), 11 survivors (11264K)
 Metaspace       used 76516K, capacity 78270K, committed 78592K, reserved 1118208K
  class space    used 9990K, capacity 10638K, committed 10752K, reserved 1048576K
}
Event: 15.118 GC heap before
{Heap before GC invocations=18 (full 0):
 garbage-first heap   total 226304K, used 161872K [0x0000000080000000, 0x0000000100000000)
  region size 1024K, 104 young (106496K), 11 survivors (11264K)
 Metaspace       used 80896K, capacity 82778K, committed 82944K, reserved 1120256K
  class space    used 10457K, capacity 11159K, committed 11264K, reserved 1048576K
}
Event: 15.153 GC heap after
{Heap after GC invocations=19 (full 0):
 garbage-first heap   total 226304K, used 76800K [0x0000000080000000, 0x0000000100000000)
  region size 1024K, 13 young (13312K), 13 survivors (13312K)
 Metaspace       used 80896K, capacity 82778K, committed 82944K, reserved 1120256K
  class space    used 10457K, capacity 11159K, committed 11264K, reserved 1048576K
}
Event: 16.386 GC heap before
{Heap before GC invocations=19 (full 0):
 garbage-first heap   total 226304K, used 172032K [0x0000000080000000, 0x0000000100000000)
  region size 1024K, 106 young (108544K), 13 survivors (13312K)
 Metaspace       used 81269K, capacity 83159K, committed 83456K, reserved 1122304K
  class space    used 10466K, capacity 11164K, committed 11264K, reserved 1048576K
}
Event: 16.418 GC heap after
{Heap after GC invocations=20 (full 0):
 garbage-first heap   total 226304K, used 83001K [0x0000000080000000, 0x0000000100000000)
  region size 1024K, 8 young (8192K), 8 survivors (8192K)
 Metaspace       used 81269K, capacity 83159K, committed 83456K, reserved 1122304K
  class space    used 10466K, capacity 11164K, committed 11264K, reserved 1048576K
}
Event: 17.486 GC heap before
{Heap before GC invocations=20 (full 0):
 garbage-first heap   total 226304K, used 174137K [0x0000000080000000, 0x0000000100000000)
  region size 1024K, 98 young (100352K), 8 survivors (8192K)
 Metaspace       used 81813K, capacity 83793K, committed 83968K, reserved 1122304K
  class space    used 10521K, capacity 11248K, committed 11264K, reserved 1048576K
}
Event: 17.506 GC heap after
{Heap after GC invocations=21 (full 0):
 garbage-first heap   total 226304K, used 88865K [0x0000000080000000, 0x0000000100000000)
  region size 1024K, 8 young (8192K), 8 survivors (8192K)
 Metaspace       used 81813K, capacity 83793K, committed 83968K, reserved 1122304K
  class space    used 10521K, capacity 11248K, committed 11264K, reserved 1048576K
}
Event: 18.427 GC heap before
{Heap before GC invocations=21 (full 0):
 garbage-first heap   total 226304K, used 176929K [0x0000000080000000, 0x0000000100000000)
  region size 1024K, 95 young (97280K), 8 survivors (8192K)
 Metaspace       used 83322K, capacity 85362K, committed 85504K, reserved 1124352K
  class space    used 10733K, capacity 11443K, committed 11520K, reserved 1048576K
}
Event: 18.457 GC heap after
{Heap after GC invocations=22 (full 0):
 garbage-first heap   total 226304K, used 92822K [0x0000000080000000, 0x0000000100000000)
  region size 1024K, 7 young (7168K), 7 survivors (7168K)
 Metaspace       used 83322K, capacity 85362K, committed 85504K, reserved 1124352K
  class space    used 10733K, capacity 11443K, committed 11520K, reserved 1048576K
}
Event: 19.177 GC heap before
{Heap before GC invocations=22 (full 0):
 garbage-first heap   total 226304K, used 178838K [0x0000000080000000, 0x0000000100000000)
  region size 1024K, 92 young (94208K), 7 survivors (7168K)
 Metaspace       used 85031K, capacity 87123K, committed 87296K, reserved 1124352K
  class space    used 10952K, capacity 11667K, committed 11776K, reserved 1048576K
}
Event: 19.196 GC heap after
{Heap after GC invocations=23 (full 0):
 garbage-first heap   total 272384K, used 95836K [0x0000000080000000, 0x0000000100000000)
  region size 1024K, 10 young (10240K), 10 survivors (10240K)
 Metaspace       used 85031K, capacity 87123K, committed 87296K, reserved 1124352K
  class space    used 10952K, capacity 11667K, committed 11776K, reserved 1048576K
}
Event: 21.124 GC heap before
{Heap before GC invocations=23 (full 0):
 garbage-first heap   total 272384K, used 231004K [0x0000000080000000, 0x0000000100000000)
  region size 1024K, 125 young (128000K), 10 survivors (10240K)
 Metaspace       used 86208K, capacity 88195K, committed 88448K, reserved 1126400K
  class space    used 11072K, capacity 11786K, committed 11904K, reserved 1048576K
}
Event: 21.149 GC heap after
{Heap after GC invocations=24 (full 0):
 garbage-first heap   total 272384K, used 125258K [0x0000000080000000, 0x0000000100000000)
  region size 1024K, 16 young (16384K), 16 survivors (16384K)
 Metaspace       used 86208K, capacity 88195K, committed 88448K, reserved 1126400K
  class space    used 11072K, capacity 11786K, committed 11904K, reserved 1048576K
}

