# JRE version: OpenJDK Runtime Environment (11.0.8+10) (build 11.0.8+10-b944.6842174)
# Java VM: OpenJDK 64-Bit Server VM (11.0.8+10-b944.6842174, mixed mode, tiered, compressed oops, g1 gc, windows-amd64)
Heap:
 garbage-first heap   total 501760K, used 218112K [0x0000000080000000, 0x0000000100000000)
  region size 1024K, 2 young (2048K), 2 survivors (2048K)
 Metaspace       used 90457K, capacity 92559K, committed 92800K, reserved 1130496K
  class space    used 11579K, capacity 12313K, committed 12416K, reserved 1048576K
GC Heap History (20 events):
Event: 28.733 GC heap after
{Heap after GC invocations=34 (full 0):
 garbage-first heap   total 220160K, used 143360K [0x0000000080000000, 0x0000000100000000)
  region size 1024K, 6 young (6144K), 6 survivors (6144K)
 Metaspace       used 89341K, capacity 91399K, committed 91648K, reserved 1128448K
  class space    used 11439K, capacity 12166K, committed 12288K, reserved 1048576K
}
Event: 28.762 GC heap before
{Heap before GC invocations=34 (full 0):
 garbage-first heap   total 220160K, used 148480K [0x0000000080000000, 0x0000000100000000)
  region size 1024K, 13 young (13312K), 6 survivors (6144K)
 Metaspace       used 89544K, capacity 91623K, committed 91904K, reserved 1128448K
  class space    used 11469K, capacity 12198K, committed 12288K, reserved 1048576K
}
Event: 28.770 GC heap after
{Heap after GC invocations=35 (full 0):
 garbage-first heap   total 220160K, used 145167K [0x0000000080000000, 0x0000000100000000)
  region size 1024K, 3 young (3072K), 3 survivors (3072K)
 Metaspace       used 89544K, capacity 91623K, committed 91904K, reserved 1128448K
  class space    used 11469K, capacity 12198K, committed 12288K, reserved 1048576K
}
Event: 28.942 GC heap before
{Heap before GC invocations=35 (full 0):
 garbage-first heap   total 220160K, used 213775K [0x0000000080000000, 0x0000000100000000)
  region size 1024K, 29 young (29696K), 3 survivors (3072K)
 Metaspace       used 89553K, capacity 91624K, committed 91904K, reserved 1128448K
  class space    used 11469K, capacity 12198K, committed 12288K, reserved 1048576K
}
Event: 28.948 GC heap after
{Heap after GC invocations=36 (full 0):
 garbage-first heap   total 228352K, used 176941K [0x0000000080000000, 0x0000000100000000)
  region size 1024K, 4 young (4096K), 4 survivors (4096K)
 Metaspace       used 89553K, capacity 91624K, committed 91904K, reserved 1128448K
  class space    used 11469K, capacity 12198K, committed 12288K, reserved 1048576K
}
Event: 29.103 GC heap before
{Heap before GC invocations=36 (full 0):
 garbage-first heap   total 228352K, used 203565K [0x0000000080000000, 0x0000000100000000)
  region size 1024K, 19 young (19456K), 4 survivors (4096K)
 Metaspace       used 89664K, capacity 91688K, committed 91904K, reserved 1128448K
  class space    used 11484K, capacity 12198K, committed 12288K, reserved 1048576K
}
Event: 29.109 GC heap after
{Heap after GC invocations=37 (full 0):
 garbage-first heap   total 228352K, used 187560K [0x0000000080000000, 0x0000000100000000)
  region size 1024K, 3 young (3072K), 3 survivors (3072K)
 Metaspace       used 89664K, capacity 91688K, committed 91904K, reserved 1128448K
  class space    used 11484K, capacity 12198K, committed 12288K, reserved 1048576K
}
Event: 29.311 GC heap before
{Heap before GC invocations=38 (full 0):
 garbage-first heap   total 228352K, used 195752K [0x0000000080000000, 0x0000000100000000)
  region size 1024K, 12 young (12288K), 3 survivors (3072K)
 Metaspace       used 89911K, capacity 91983K, committed 92160K, reserved 1128448K
  class space    used 11518K, capacity 12232K, committed 12288K, reserved 1048576K
}
Event: 29.317 GC heap after
{Heap after GC invocations=39 (full 0):
 garbage-first heap   total 228352K, used 189018K [0x0000000080000000, 0x0000000100000000)
  region size 1024K, 2 young (2048K), 2 survivors (2048K)
 Metaspace       used 89911K, capacity 91983K, committed 92160K, reserved 1128448K
  class space    used 11518K, capacity 12232K, committed 12288K, reserved 1048576K
}
Event: 29.376 GC heap before
{Heap before GC invocations=39 (full 0):
 garbage-first heap   total 228352K, used 197210K [0x0000000080000000, 0x0000000100000000)
  region size 1024K, 11 young (11264K), 2 survivors (2048K)
 Metaspace       used 89924K, capacity 91984K, committed 92160K, reserved 1128448K
  class space    used 11518K, capacity 12232K, committed 12288K, reserved 1048576K
}
Event: 29.384 GC heap after
{Heap after GC invocations=40 (full 0):
 garbage-first heap   total 228352K, used 189973K [0x0000000080000000, 0x0000000100000000)
  region size 1024K, 2 young (2048K), 2 survivors (2048K)
 Metaspace       used 89924K, capacity 91984K, committed 92160K, reserved 1128448K
  class space    used 11518K, capacity 12232K, committed 12288K, reserved 1048576K
}
Event: 29.436 GC heap before
{Heap before GC invocations=40 (full 0):
 garbage-first heap   total 228352K, used 198165K [0x0000000080000000, 0x0000000100000000)
  region size 1024K, 11 young (11264K), 2 survivors (2048K)
 Metaspace       used 90026K, capacity 92078K, committed 92160K, reserved 1128448K
  class space    used 11526K, capacity 12237K, committed 12288K, reserved 1048576K
}
Event: 29.452 GC heap after
{Heap after GC invocations=41 (full 0):
 garbage-first heap   total 274432K, used 192827K [0x0000000080000000, 0x0000000100000000)
  region size 1024K, 2 young (2048K), 2 survivors (2048K)
 Metaspace       used 90026K, capacity 92078K, committed 92160K, reserved 1128448K
  class space    used 11526K, capacity 12237K, committed 12288K, reserved 1048576K
}
Event: 29.770 GC heap before
{Heap before GC invocations=41 (full 0):
 garbage-first heap   total 274432K, used 215355K [0x0000000080000000, 0x0000000100000000)
  region size 1024K, 25 young (25600K), 2 survivors (2048K)
 Metaspace       used 90422K, capacity 92490K, committed 92800K, reserved 1130496K
  class space    used 11576K, capacity 12313K, committed 12416K, reserved 1048576K
}
Event: 29.796 GC heap after
{Heap after GC invocations=42 (full 0):
 garbage-first heap   total 274432K, used 202274K [0x0000000080000000, 0x0000000100000000)
  region size 1024K, 4 young (4096K), 4 survivors (4096K)
 Metaspace       used 90422K, capacity 92490K, committed 92800K, reserved 1130496K
  class space    used 11576K, capacity 12313K, committed 12416K, reserved 1048576K
}
Event: 30.133 GC heap before
{Heap before GC invocations=43 (full 0):
 garbage-first heap   total 274432K, used 224802K [0x0000000080000000, 0x0000000100000000)
  region size 1024K, 24 young (24576K), 4 survivors (4096K)
 Metaspace       used 90423K, capacity 92490K, committed 92800K, reserved 1130496K
  class space    used 11576K, capacity 12313K, committed 12416K, reserved 1048576K
}
Event: 30.162 GC heap after
{Heap after GC invocations=44 (full 0):
 garbage-first heap   total 274432K, used 211497K [0x0000000080000000, 0x0000000100000000)
  region size 1024K, 3 young (3072K), 3 survivors (3072K)
 Metaspace       used 90423K, capacity 92490K, committed 92800K, reserved 1130496K
  class space    used 11576K, capacity 12313K, committed 12416K, reserved 1048576K
}
Event: 30.215 GC heap before
{Heap before GC invocations=44 (full 0):
 garbage-first heap   total 274432K, used 221737K [0x0000000080000000, 0x0000000100000000)
  region size 1024K, 13 young (13312K), 3 survivors (3072K)
 Metaspace       used 90427K, capacity 92494K, committed 92800K, reserved 1130496K
  class space    used 11576K, capacity 12313K, committed 12416K, reserved 1048576K
}
Event: 30.241 GC heap after
{Heap after GC invocations=45 (full 0):
 garbage-first heap   total 274432K, used 215040K [0x0000000080000000, 0x0000000100000000)
  region size 1024K, 2 young (2048K), 2 survivors (2048K)
 Metaspace       used 90427K, capacity 92494K, committed 92800K, reserved 1130496K
  class space    used 11576K, capacity 12313K, committed 12416K, reserved 1048576K
}
Event: 30.276 GC heap before
{Heap before GC invocations=45 (full 0):
 garbage-first heap   total 274432K, used 220160K [0x0000000080000000, 0x0000000100000000)
  region size 1024K, 8 young (8192K), 2 survivors (2048K)
 Metaspace       used 90457K, capacity 92559K, committed 92800K, reserved 1130496K
  class space    used 11579K, capacity 12313K, committed 12416K, reserved 1048576K
}

